<?xml version="1.0" encoding="UTF-8"?>
<!-- Generated by org.testng.reporters.JUnitReportReporter -->
<testsuite hostname="Manoj_Kumar_M" failures="0" tests="1" name="testscripts.AddAddressTest" time="5.606" errors="0" timestamp="2024-02-25T16:26:31 IST" skipped="0">
  <testcase classname="testscripts.AddAddressTest" name="addAdressTest" time="5.606">
    <system-out>
      <![CDATA[Address Added]]>
    </system-out>
  </testcase> <!-- addAdressTest -->
  <system-out>
    <![CDATA[Browser Opened and navigated successfully
Address Added
Logged out successfully
Browser Closed successfully]]>
  </system-out>
</testsuite> <!-- testscripts.AddAddressTest -->
