<?xml version="1.0" encoding="UTF-8"?>
<!-- Generated by org.testng.reporters.JUnitReportReporter -->
<testsuite hostname="Manoj_Kumar_M" failures="0" tests="1" name="demopackage.DemoTest" time="11.329" errors="0" timestamp="2024-03-03T18:20:07 IST" skipped="0">
  <testcase classname="demopackage.DemoTest" name="loginTest" time="11.329"/>
</testsuite> <!-- demopackage.DemoTest -->
